<?xml version="1.0" encoding="UTF-8"?>
<!-- Generated by org.testng.reporters.JUnitReportReporter -->
<testsuite skipped="0" hostname="DESKTOP-C4LC40M" name="TestLayer.LoginPageTest" tests="1" failures="0" timestamp="2023-04-17T21:37:04 IST" time="39.535" errors="0">
  <testcase name="validateLoginFunctionality" time="39.535" classname="TestLayer.LoginPageTest"/>
  <system-out/>
</testsuite> <!-- TestLayer.LoginPageTest -->
